Determining if the pthread_create exist failed with the following output:
Change Dir: /home/pesong/catkin_ws/src/beginner_tutorials/cbuild/CMakeFiles/CMakeTmp

Run Build Command:"/usr/bin/make" "cmTC_71635/fast"
/usr/bin/make -f CMakeFiles/cmTC_71635.dir/build.make CMakeFiles/cmTC_71635.dir/build
make[1]: Entering directory '/home/pesong/catkin_ws/src/beginner_tutorials/cbuild/CMakeFiles/CMakeTmp'
Building C object CMakeFiles/cmTC_71635.dir/CheckSymbolExists.c.o
/usr/bin/cc     -o CMakeFiles/cmTC_71635.dir/CheckSymbolExists.c.o   -c /home/pesong/catkin_ws/src/beginner_tutorials/cbuild/CMakeFiles/CMakeTmp/CheckSymbolExists.c
Linking C executable cmTC_71635
/usr/bin/cmake -E cmake_link_script CMakeFiles/cmTC_71635.dir/link.txt --verbose=1
/usr/bin/cc       CMakeFiles/cmTC_71635.dir/CheckSymbolExists.c.o  -o cmTC_71635 -rdynamic 
CMakeFiles/cmTC_71635.dir/CheckSymbolExists.c.o: In function `main':
CheckSymbolExists.c:(.text+0x16): undefined reference to `pthread_create'
collect2: error: ld returned 1 exit status
CMakeFiles/cmTC_71635.dir/build.make:97: recipe for target 'cmTC_71635' failed
make[1]: *** [cmTC_71635] Error 1
make[1]: Leaving directory '/home/pesong/catkin_ws/src/beginner_tutorials/cbuild/CMakeFiles/CMakeTmp'
Makefile:126: recipe for target 'cmTC_71635/fast' failed
make: *** [cmTC_71635/fast] Error 2

File /home/pesong/catkin_ws/src/beginner_tutorials/cbuild/CMakeFiles/CMakeTmp/CheckSymbolExists.c:
/* */
#include <pthread.h>

int main(int argc, char** argv)
{
  (void)argv;
#ifndef pthread_create
  return ((int*)(&pthread_create))[argc];
#else
  (void)argc;
  return 0;
#endif
}

Determining if the function pthread_create exists in the pthreads failed with the following output:
Change Dir: /home/pesong/catkin_ws/src/beginner_tutorials/cbuild/CMakeFiles/CMakeTmp

Run Build Command:"/usr/bin/make" "cmTC_5ebcb/fast"
/usr/bin/make -f CMakeFiles/cmTC_5ebcb.dir/build.make CMakeFiles/cmTC_5ebcb.dir/build
make[1]: Entering directory '/home/pesong/catkin_ws/src/beginner_tutorials/cbuild/CMakeFiles/CMakeTmp'
Building C object CMakeFiles/cmTC_5ebcb.dir/CheckFunctionExists.c.o
/usr/bin/cc    -DCHECK_FUNCTION_EXISTS=pthread_create   -o CMakeFiles/cmTC_5ebcb.dir/CheckFunctionExists.c.o   -c /usr/share/cmake-3.5/Modules/CheckFunctionExists.c
Linking C executable cmTC_5ebcb
/usr/bin/cmake -E cmake_link_script CMakeFiles/cmTC_5ebcb.dir/link.txt --verbose=1
/usr/bin/cc   -DCHECK_FUNCTION_EXISTS=pthread_create    CMakeFiles/cmTC_5ebcb.dir/CheckFunctionExists.c.o  -o cmTC_5ebcb -rdynamic -lpthreads 
/usr/bin/ld: cannot find -lpthreads
collect2: error: ld returned 1 exit status
CMakeFiles/cmTC_5ebcb.dir/build.make:97: recipe for target 'cmTC_5ebcb' failed
make[1]: *** [cmTC_5ebcb] Error 1
make[1]: Leaving directory '/home/pesong/catkin_ws/src/beginner_tutorials/cbuild/CMakeFiles/CMakeTmp'
Makefile:126: recipe for target 'cmTC_5ebcb/fast' failed
make: *** [cmTC_5ebcb/fast] Error 2


